[debug] [2018-10-20T14:46:35.154Z] ----------------------------------------------------------------------
[debug] [2018-10-20T14:46:35.158Z] Command:       C:\Program Files\nodejs\node.exe C:\Users\KeniaCastro\AppData\Roaming\npm\node_modules\firebase-tools\bin\firebase serve
[debug] [2018-10-20T14:46:35.159Z] CLI Version:   5.0.1
[debug] [2018-10-20T14:46:35.159Z] Platform:      win32
[debug] [2018-10-20T14:46:35.159Z] Node Version:  v8.12.0
[debug] [2018-10-20T14:46:35.160Z] Time:          Sat Oct 20 2018 10:46:35 GMT-0400 (Eastern Daylight Time)
[debug] [2018-10-20T14:46:35.160Z] ----------------------------------------------------------------------
[debug] 
[debug] [2018-10-20T14:46:35.209Z] > command requires scopes: ["email","openid","https://www.googleapis.com/auth/cloudplatformprojects.readonly","https://www.googleapis.com/auth/firebase","https://www.googleapis.com/auth/cloud-platform"]
[debug] [2018-10-20T14:46:35.210Z] > authorizing via signed-in user
[debug] [2018-10-20T14:46:35.210Z] [iam] checking project pear-f60a2 for permissions ["firebase.projects.get"]
[debug] [2018-10-20T14:46:35.213Z] >>> HTTP REQUEST POST https://cloudresourcemanager.googleapis.com/v1/projects/pear-f60a2:testIamPermissions  

[debug] [2018-10-20T14:46:35.488Z] <<< HTTP RESPONSE 200
[debug] [2018-10-20T14:46:35.490Z] >>> HTTP REQUEST GET https://cloudresourcemanager.googleapis.com/v1/projects/pear-f60a2  
 
[debug] [2018-10-20T14:46:35.662Z] <<< HTTP RESPONSE 200
[info] 
[info] === Serving from 'C:\Users\KeniaCastro\Desktop\PEAR\PEARWebsite\PEAR-app'...
[info] 
[debug] [2018-10-20T14:46:35.666Z] >>> HTTP REQUEST GET https://mobilesdk-pa.googleapis.com/v1/projects/962088956383/clients/_:getWebAppConfig  
 
[debug] [2018-10-20T14:46:36.018Z] <<< HTTP RESPONSE 200
[info] i  hosting: Serving hosting files from: dist/PEAR-app
[info] +  hosting: Local server: http://localhost:5000
[debug] [2018-10-22T02:19:57.595Z] ----------------------------------------------------------------------
[debug] [2018-10-22T02:19:57.598Z] Command:       C:\Program Files\nodejs\node.exe C:\Users\KeniaCastro\AppData\Roaming\npm\node_modules\firebase-tools\bin\firebase serve
[debug] [2018-10-22T02:19:57.598Z] CLI Version:   5.0.1
[debug] [2018-10-22T02:19:57.598Z] Platform:      win32
[debug] [2018-10-22T02:19:57.598Z] Node Version:  v8.12.0
[debug] [2018-10-22T02:19:57.599Z] Time:          Sun Oct 21 2018 22:19:57 GMT-0400 (Eastern Daylight Time)
[debug] [2018-10-22T02:19:57.599Z] ----------------------------------------------------------------------
[debug] 
[debug] [2018-10-22T02:19:57.652Z] > command requires scopes: ["email","openid","https://www.googleapis.com/auth/cloudplatformprojects.readonly","https://www.googleapis.com/auth/firebase","https://www.googleapis.com/auth/cloud-platform"]
[debug] [2018-10-22T02:19:57.654Z] > authorizing via signed-in user
[debug] [2018-10-22T02:19:57.654Z] [iam] checking project pear-f60a2 for permissions ["firebase.projects.get"]
[debug] [2018-10-22T02:19:57.657Z] > refreshing access token with scopes: ["email","https://www.googleapis.com/auth/cloud-platform","https://www.googleapis.com/auth/cloudplatformprojects.readonly","https://www.googleapis.com/auth/firebase","openid"]
[debug] [2018-10-22T02:19:57.658Z] >>> HTTP REQUEST POST https://www.googleapis.com/oauth2/v3/token  
 <request body omitted>
[debug] [2018-10-22T02:19:57.895Z] <<< HTTP RESPONSE 200
[debug] [2018-10-22T02:19:57.940Z] >>> HTTP REQUEST POST https://cloudresourcemanager.googleapis.com/v1/projects/pear-f60a2:testIamPermissions  

[debug] [2018-10-22T02:19:58.256Z] <<< HTTP RESPONSE 200
[debug] [2018-10-22T02:19:58.257Z] >>> HTTP REQUEST GET https://cloudresourcemanager.googleapis.com/v1/projects/pear-f60a2  
 
[debug] [2018-10-22T02:19:58.443Z] <<< HTTP RESPONSE 200
[info] 
[info] === Serving from 'C:\Users\KeniaCastro\Desktop\PEAR\PEARWebsite\PEAR-app'...
[info] 
[debug] [2018-10-22T02:19:58.447Z] >>> HTTP REQUEST GET https://mobilesdk-pa.googleapis.com/v1/projects/962088956383/clients/_:getWebAppConfig  
 
[debug] [2018-10-22T02:19:58.863Z] <<< HTTP RESPONSE 200
[info] i  hosting: Serving hosting files from: dist/PEAR-app
[info] +  hosting: Local server: http://localhost:5000
